<?xml version="1.0" encoding="UTF-8"?>
<coverage generated="1632977441514" clover="3.2.0">
  <project timestamp="1632977441515" name="All files">
    <metrics statements="46" coveredstatements="44" conditionals="78" coveredconditionals="70" methods="5" coveredmethods="5" elements="129" coveredelements="119" complexity="0" loc="46" ncloc="46" packages="4" files="6" classes="6"/>
    <package name="database.dao.properties.sql">
      <metrics statements="31" coveredstatements="29" conditionals="64" coveredconditionals="56" methods="3" coveredmethods="3"/>
      <file name="PropertyQueries.ts" path="/Users/Jerry/node-app/lightbnb/src/server/database/dao/properties/sql/PropertyQueries.ts">
        <metrics statements="31" coveredstatements="29" conditionals="64" coveredconditionals="56" methods="3" coveredmethods="3"/>
        <line num="1" count="1" type="stmt"/>
        <line num="2" count="1" type="stmt"/>
        <line num="11" count="1" type="stmt"/>
        <line num="15" count="18" type="cond" truecount="1" falsecount="1"/>
        <line num="17" count="18" type="cond" truecount="6" falsecount="0"/>
        <line num="18" count="2" type="cond" truecount="3" falsecount="1"/>
        <line num="21" count="18" type="cond" truecount="6" falsecount="0"/>
        <line num="22" count="2" type="cond" truecount="3" falsecount="1"/>
        <line num="25" count="18" type="cond" truecount="6" falsecount="0"/>
        <line num="26" count="4" type="cond" truecount="3" falsecount="1"/>
        <line num="29" count="18" type="cond" truecount="6" falsecount="0"/>
        <line num="30" count="4" type="cond" truecount="5" falsecount="1"/>
        <line num="31" count="2" type="stmt"/>
        <line num="34" count="2" type="stmt"/>
        <line num="39" count="18" type="cond" truecount="6" falsecount="0"/>
        <line num="40" count="2" type="stmt"/>
        <line num="44" count="18" type="stmt"/>
        <line num="47" count="1" type="stmt"/>
        <line num="50" count="9" type="stmt"/>
        <line num="59" count="1" type="stmt"/>
        <line num="62" count="9" type="stmt"/>
        <line num="64" count="9" type="stmt"/>
        <line num="66" count="9" type="stmt"/>
        <line num="72" count="9" type="stmt"/>
        <line num="74" count="9" type="stmt"/>
        <line num="78" count="9" type="stmt"/>
        <line num="82" count="9" type="cond" truecount="2" falsecount="0"/>
        <line num="83" count="1" type="stmt"/>
        <line num="86" count="9" type="stmt"/>
        <line num="88" count="0" type="stmt"/>
        <line num="91" count="0" type="stmt"/>
      </file>
    </package>
    <package name="external">
      <metrics statements="3" coveredstatements="3" conditionals="0" coveredconditionals="0" methods="0" coveredmethods="0"/>
      <file name="index.ts" path="/Users/Jerry/node-app/lightbnb/src/server/external/index.ts">
        <metrics statements="1" coveredstatements="1" conditionals="0" coveredconditionals="0" methods="0" coveredmethods="0"/>
        <line num="1" count="1" type="stmt"/>
      </file>
      <file name="knex.ts" path="/Users/Jerry/node-app/lightbnb/src/server/external/knex.ts">
        <metrics statements="2" coveredstatements="2" conditionals="0" coveredconditionals="0" methods="0" coveredmethods="0"/>
        <line num="1" count="1" type="stmt"/>
        <line num="3" count="1" type="stmt"/>
      </file>
    </package>
    <package name="services.property">
      <metrics statements="5" coveredstatements="5" conditionals="8" coveredconditionals="8" methods="1" coveredmethods="1"/>
      <file name="utils.ts" path="/Users/Jerry/node-app/lightbnb/src/server/services/property/utils.ts">
        <metrics statements="5" coveredstatements="5" conditionals="8" coveredconditionals="8" methods="1" coveredmethods="1"/>
        <line num="1" count="1" type="stmt"/>
        <line num="8" count="1" type="stmt"/>
        <line num="10" count="1" type="stmt"/>
        <line num="14" count="4" type="stmt"/>
        <line num="15" count="4" type="stmt"/>
      </file>
    </package>
    <package name="utils">
      <metrics statements="7" coveredstatements="7" conditionals="6" coveredconditionals="6" methods="1" coveredmethods="1"/>
      <file name="index.ts" path="/Users/Jerry/node-app/lightbnb/src/server/utils/index.ts">
        <metrics statements="1" coveredstatements="1" conditionals="0" coveredconditionals="0" methods="0" coveredmethods="0"/>
        <line num="1" count="2" type="stmt"/>
      </file>
      <file name="number-utils.ts" path="/Users/Jerry/node-app/lightbnb/src/server/utils/number-utils.ts">
        <metrics statements="6" coveredstatements="6" conditionals="6" coveredconditionals="6" methods="1" coveredmethods="1"/>
        <line num="1" count="2" type="stmt"/>
        <line num="11" count="2" type="stmt"/>
        <line num="15" count="7" type="stmt"/>
        <line num="16" count="7" type="cond" truecount="4" falsecount="0"/>
        <line num="17" count="5" type="cond" truecount="2" falsecount="0"/>
        <line num="19" count="2" type="stmt"/>
      </file>
    </package>
  </project>
</coverage>
