{"/Users/Jerry/node-app/lightbnb/src/server/database/dao/properties/sql/PropertyQueries.ts": {"path":"/Users/Jerry/node-app/lightbnb/src/server/database/dao/properties/sql/PropertyQueries.ts","statementMap":{"0":{"start":{"line":1,"column":0},"end":{"line":1,"column":29}},"1":{"start":{"line":2,"column":0},"end":{"line":2,"column":null}},"2":{"start":{"line":11,"column":13},"end":{"line":45,"column":null}},"3":{"start":{"line":15,"column":2},"end":{"line":15,"column":27}},"4":{"start":{"line":15,"column":14},"end":{"line":15,"column":27}},"5":{"start":{"line":17,"column":2},"end":{"line":19,"column":null}},"6":{"start":{"line":18,"column":4},"end":{"line":18,"column":48}},"7":{"start":{"line":21,"column":2},"end":{"line":23,"column":null}},"8":{"start":{"line":22,"column":4},"end":{"line":22,"column":52}},"9":{"start":{"line":25,"column":2},"end":{"line":27,"column":null}},"10":{"start":{"line":26,"column":4},"end":{"line":26,"column":84}},"11":{"start":{"line":29,"column":2},"end":{"line":37,"column":null}},"12":{"start":{"line":30,"column":4},"end":{"line":36,"column":null}},"13":{"start":{"line":31,"column":6},"end":{"line":32,"column":83}},"14":{"start":{"line":34,"column":6},"end":{"line":35,"column":86}},"15":{"start":{"line":39,"column":2},"end":{"line":42,"column":null}},"16":{"start":{"line":40,"column":4},"end":{"line":41,"column":71}},"17":{"start":{"line":44,"column":2},"end":{"line":44,"column":15}},"18":{"start":{"line":47,"column":13},"end":{"line":57,"column":null}},"19":{"start":{"line":50,"column":2},"end":{"line":56,"column":4}},"20":{"start":{"line":59,"column":13},"end":{"line":92,"column":null}},"21":{"start":{"line":62,"column":2},"end":{"line":89,"column":null}},"22":{"start":{"line":64,"column":16},"end":{"line":64,"column":45}},"23":{"start":{"line":66,"column":16},"end":{"line":70,"column":85}},"24":{"start":{"line":72,"column":4},"end":{"line":72,"column":42}},"25":{"start":{"line":74,"column":4},"end":{"line":76,"column":null}},"26":{"start":{"line":78,"column":4},"end":{"line":78,"column":43}},"27":{"start":{"line":82,"column":4},"end":{"line":84,"column":null}},"28":{"start":{"line":83,"column":6},"end":{"line":83,"column":43}},"29":{"start":{"line":86,"column":4},"end":{"line":86,"column":28}},"30":{"start":{"line":88,"column":4},"end":{"line":88,"column":75}},"31":{"start":{"line":91,"column":2},"end":{"line":91,"column":12}}},"fnMap":{"0":{"name":"(anonymous_1)","decl":{"start":{"line":11,"column":29},"end":{"line":11,"column":null}},"loc":{"start":{"line":13,"column":42},"end":{"line":45,"column":1}}},"1":{"name":"(anonymous_2)","decl":{"start":{"line":47,"column":36},"end":{"line":47,"column":null}},"loc":{"start":{"line":48,"column":35},"end":{"line":57,"column":1}}},"2":{"name":"(anonymous_3)","decl":{"start":{"line":59,"column":37},"end":{"line":59,"column":null}},"loc":{"start":{"line":60,"column":35},"end":{"line":92,"column":1}}}},"branchMap":{"0":{"loc":{"start":{"line":15,"column":2},"end":{"line":15,"column":27}},"type":"if","locations":[{"start":{"line":15,"column":2},"end":{"line":15,"column":27}},{"start":{"line":15,"column":2},"end":{"line":15,"column":27}}]},"1":{"loc":{"start":{"line":17,"column":2},"end":{"line":19,"column":null}},"type":"if","locations":[{"start":{"line":17,"column":2},"end":{"line":19,"column":null}},{"start":{"line":17,"column":2},"end":{"line":19,"column":null}}]},"2":{"loc":{"start":{"line":17,"column":13},"end":{"line":17,"column":15}},"type":"cond-expr","locations":[{"start":{"line":17,"column":13},"end":{"line":17,"column":15}},{"start":{"line":17,"column":6},"end":{"line":17,"column":19}}]},"3":{"loc":{"start":{"line":17,"column":6},"end":{"line":17,"column":15}},"type":"binary-expr","locations":[{"start":{"line":17,"column":6},"end":{"line":17,"column":15}},{"start":{"line":17,"column":6},"end":{"line":17,"column":15}}]},"4":{"loc":{"start":{"line":18,"column":40},"end":{"line":18,"column":42}},"type":"cond-expr","locations":[{"start":{"line":18,"column":40},"end":{"line":18,"column":42}},{"start":{"line":18,"column":33},"end":{"line":18,"column":46}}]},"5":{"loc":{"start":{"line":18,"column":33},"end":{"line":18,"column":42}},"type":"binary-expr","locations":[{"start":{"line":18,"column":33},"end":{"line":18,"column":42}},{"start":{"line":18,"column":33},"end":{"line":18,"column":42}}]},"6":{"loc":{"start":{"line":21,"column":2},"end":{"line":23,"column":null}},"type":"if","locations":[{"start":{"line":21,"column":2},"end":{"line":23,"column":null}},{"start":{"line":21,"column":2},"end":{"line":23,"column":null}}]},"7":{"loc":{"start":{"line":21,"column":13},"end":{"line":21,"column":15}},"type":"cond-expr","locations":[{"start":{"line":21,"column":13},"end":{"line":21,"column":15}},{"start":{"line":21,"column":6},"end":{"line":21,"column":23}}]},"8":{"loc":{"start":{"line":21,"column":6},"end":{"line":21,"column":15}},"type":"binary-expr","locations":[{"start":{"line":21,"column":6},"end":{"line":21,"column":15}},{"start":{"line":21,"column":6},"end":{"line":21,"column":15}}]},"9":{"loc":{"start":{"line":22,"column":40},"end":{"line":22,"column":42}},"type":"cond-expr","locations":[{"start":{"line":22,"column":40},"end":{"line":22,"column":42}},{"start":{"line":22,"column":33},"end":{"line":22,"column":50}}]},"10":{"loc":{"start":{"line":22,"column":33},"end":{"line":22,"column":42}},"type":"binary-expr","locations":[{"start":{"line":22,"column":33},"end":{"line":22,"column":42}},{"start":{"line":22,"column":33},"end":{"line":22,"column":42}}]},"11":{"loc":{"start":{"line":25,"column":2},"end":{"line":27,"column":null}},"type":"if","locations":[{"start":{"line":25,"column":2},"end":{"line":27,"column":null}},{"start":{"line":25,"column":2},"end":{"line":27,"column":null}}]},"12":{"loc":{"start":{"line":25,"column":13},"end":{"line":25,"column":15}},"type":"cond-expr","locations":[{"start":{"line":25,"column":13},"end":{"line":25,"column":15}},{"start":{"line":25,"column":6},"end":{"line":25,"column":38}}]},"13":{"loc":{"start":{"line":25,"column":6},"end":{"line":25,"column":15}},"type":"binary-expr","locations":[{"start":{"line":25,"column":6},"end":{"line":25,"column":15}},{"start":{"line":25,"column":6},"end":{"line":25,"column":15}}]},"14":{"loc":{"start":{"line":26,"column":57},"end":{"line":26,"column":59}},"type":"cond-expr","locations":[{"start":{"line":26,"column":57},"end":{"line":26,"column":59}},{"start":{"line":26,"column":50},"end":{"line":26,"column":82}}]},"15":{"loc":{"start":{"line":26,"column":50},"end":{"line":26,"column":59}},"type":"binary-expr","locations":[{"start":{"line":26,"column":50},"end":{"line":26,"column":59}},{"start":{"line":26,"column":50},"end":{"line":26,"column":59}}]},"16":{"loc":{"start":{"line":29,"column":2},"end":{"line":37,"column":null}},"type":"if","locations":[{"start":{"line":29,"column":2},"end":{"line":37,"column":null}},{"start":{"line":29,"column":2},"end":{"line":37,"column":null}}]},"17":{"loc":{"start":{"line":29,"column":13},"end":{"line":29,"column":15}},"type":"cond-expr","locations":[{"start":{"line":29,"column":13},"end":{"line":29,"column":15}},{"start":{"line":29,"column":6},"end":{"line":29,"column":38}}]},"18":{"loc":{"start":{"line":29,"column":6},"end":{"line":29,"column":15}},"type":"binary-expr","locations":[{"start":{"line":29,"column":6},"end":{"line":29,"column":15}},{"start":{"line":29,"column":6},"end":{"line":29,"column":15}}]},"19":{"loc":{"start":{"line":30,"column":4},"end":{"line":36,"column":null}},"type":"if","locations":[{"start":{"line":30,"column":4},"end":{"line":36,"column":null}},{"start":{"line":30,"column":4},"end":{"line":36,"column":null}}]},"20":{"loc":{"start":{"line":30,"column":15},"end":{"line":30,"column":17}},"type":"cond-expr","locations":[{"start":{"line":30,"column":15},"end":{"line":30,"column":17}},{"start":{"line":30,"column":8},"end":{"line":30,"column":40}}]},"21":{"loc":{"start":{"line":30,"column":8},"end":{"line":30,"column":17}},"type":"binary-expr","locations":[{"start":{"line":30,"column":8},"end":{"line":30,"column":17}},{"start":{"line":30,"column":8},"end":{"line":30,"column":17}}]},"22":{"loc":{"start":{"line":32,"column":56},"end":{"line":32,"column":58}},"type":"cond-expr","locations":[{"start":{"line":32,"column":56},"end":{"line":32,"column":58}},{"start":{"line":32,"column":49},"end":{"line":32,"column":81}}]},"23":{"loc":{"start":{"line":32,"column":49},"end":{"line":32,"column":58}},"type":"binary-expr","locations":[{"start":{"line":32,"column":49},"end":{"line":32,"column":58}},{"start":{"line":32,"column":49},"end":{"line":32,"column":58}}]},"24":{"loc":{"start":{"line":35,"column":59},"end":{"line":35,"column":61}},"type":"cond-expr","locations":[{"start":{"line":35,"column":59},"end":{"line":35,"column":61}},{"start":{"line":35,"column":52},"end":{"line":35,"column":84}}]},"25":{"loc":{"start":{"line":35,"column":52},"end":{"line":35,"column":61}},"type":"binary-expr","locations":[{"start":{"line":35,"column":52},"end":{"line":35,"column":61}},{"start":{"line":35,"column":52},"end":{"line":35,"column":61}}]},"26":{"loc":{"start":{"line":39,"column":2},"end":{"line":42,"column":null}},"type":"if","locations":[{"start":{"line":39,"column":2},"end":{"line":42,"column":null}},{"start":{"line":39,"column":2},"end":{"line":42,"column":null}}]},"27":{"loc":{"start":{"line":39,"column":13},"end":{"line":39,"column":15}},"type":"cond-expr","locations":[{"start":{"line":39,"column":13},"end":{"line":39,"column":15}},{"start":{"line":39,"column":6},"end":{"line":39,"column":29}}]},"28":{"loc":{"start":{"line":39,"column":6},"end":{"line":39,"column":15}},"type":"binary-expr","locations":[{"start":{"line":39,"column":6},"end":{"line":39,"column":15}},{"start":{"line":39,"column":6},"end":{"line":39,"column":15}}]},"29":{"loc":{"start":{"line":41,"column":53},"end":{"line":41,"column":55}},"type":"cond-expr","locations":[{"start":{"line":41,"column":53},"end":{"line":41,"column":55}},{"start":{"line":41,"column":46},"end":{"line":41,"column":69}}]},"30":{"loc":{"start":{"line":41,"column":46},"end":{"line":41,"column":55}},"type":"binary-expr","locations":[{"start":{"line":41,"column":46},"end":{"line":41,"column":55}},{"start":{"line":41,"column":46},"end":{"line":41,"column":55}}]},"31":{"loc":{"start":{"line":82,"column":4},"end":{"line":84,"column":null}},"type":"if","locations":[{"start":{"line":82,"column":4},"end":{"line":84,"column":null}},{"start":{"line":82,"column":4},"end":{"line":84,"column":null}}]}},"s":{"0":1,"1":1,"2":1,"3":18,"4":0,"5":18,"6":2,"7":18,"8":2,"9":18,"10":4,"11":18,"12":4,"13":2,"14":2,"15":18,"16":2,"17":18,"18":1,"19":9,"20":1,"21":9,"22":9,"23":9,"24":9,"25":9,"26":9,"27":9,"28":1,"29":9,"30":0,"31":0},"f":{"0":18,"1":9,"2":9},"b":{"0":[0,18],"1":[2,16],"2":[2,16],"3":[18,18],"4":[0,2],"5":[2,2],"6":[2,16],"7":[2,16],"8":[18,18],"9":[0,2],"10":[2,2],"11":[4,14],"12":[2,16],"13":[18,18],"14":[0,4],"15":[4,4],"16":[4,14],"17":[2,16],"18":[18,18],"19":[2,2],"20":[0,4],"21":[4,4],"22":[0,2],"23":[2,2],"24":[0,2],"25":[2,2],"26":[2,16],"27":[2,16],"28":[18,18],"29":[0,2],"30":[2,2],"31":[1,8]}}
,"/Users/Jerry/node-app/lightbnb/src/server/external/index.ts": {"path":"/Users/Jerry/node-app/lightbnb/src/server/external/index.ts","statementMap":{"0":{"start":{"line":1,"column":0},"end":{"line":1,"column":23}}},"fnMap":{},"branchMap":{},"s":{"0":1},"f":{},"b":{}}
,"/Users/Jerry/node-app/lightbnb/src/server/external/knex.ts": {"path":"/Users/Jerry/node-app/lightbnb/src/server/external/knex.ts","statementMap":{"0":{"start":{"line":1,"column":0},"end":{"line":1,"column":25}},"1":{"start":{"line":3,"column":11},"end":{"line":5,"column":3}}},"fnMap":{},"branchMap":{},"s":{"0":1,"1":1},"f":{},"b":{}}
,"/Users/Jerry/node-app/lightbnb/src/server/services/property/utils.ts": {"path":"/Users/Jerry/node-app/lightbnb/src/server/services/property/utils.ts","statementMap":{"0":{"start":{"line":1,"column":0},"end":{"line":1,"column":29}},"1":{"start":{"line":8,"column":0},"end":{"line":8,"column":45}},"2":{"start":{"line":10,"column":13},"end":{"line":20,"column":null}},"3":{"start":{"line":14,"column":19},"end":{"line":14,"column":32}},"4":{"start":{"line":15,"column":2},"end":{"line":19,"column":4}}},"fnMap":{"0":{"name":"(anonymous_1)","decl":{"start":{"line":10,"column":37},"end":{"line":10,"column":null}},"loc":{"start":{"line":12,"column":34},"end":{"line":20,"column":1}}}},"branchMap":{"0":{"loc":{"start":{"line":16,"column":35},"end":{"line":16,"column":39}},"type":"cond-expr","locations":[{"start":{"line":16,"column":35},"end":{"line":16,"column":39}},{"start":{"line":16,"column":39},"end":{"line":16,"column":41}}]},"1":{"loc":{"start":{"line":16,"column":19},"end":{"line":16,"column":39}},"type":"binary-expr","locations":[{"start":{"line":16,"column":19},"end":{"line":16,"column":39}},{"start":{"line":16,"column":35},"end":{"line":16,"column":39}}]},"2":{"loc":{"start":{"line":16,"column":28},"end":{"line":16,"column":30}},"type":"cond-expr","locations":[{"start":{"line":16,"column":28},"end":{"line":16,"column":30}},{"start":{"line":16,"column":20},"end":{"line":16,"column":35}}]},"3":{"loc":{"start":{"line":16,"column":20},"end":{"line":16,"column":30}},"type":"binary-expr","locations":[{"start":{"line":16,"column":20},"end":{"line":16,"column":30}},{"start":{"line":16,"column":20},"end":{"line":16,"column":30}}]}},"s":{"0":1,"1":1,"2":1,"3":4,"4":4},"f":{"0":4},"b":{"0":[1,3],"1":[4,4],"2":[3,1],"3":[4,4]}}
,"/Users/Jerry/node-app/lightbnb/src/server/utils/index.ts": {"path":"/Users/Jerry/node-app/lightbnb/src/server/utils/index.ts","statementMap":{"0":{"start":{"line":1,"column":0},"end":{"line":1,"column":31}}},"fnMap":{},"branchMap":{},"s":{"0":2},"f":{},"b":{}}
,"/Users/Jerry/node-app/lightbnb/src/server/utils/number-utils.ts": {"path":"/Users/Jerry/node-app/lightbnb/src/server/utils/number-utils.ts","statementMap":{"0":{"start":{"line":1,"column":0},"end":{"line":1,"column":40}},"1":{"start":{"line":11,"column":13},"end":{"line":20,"column":null}},"2":{"start":{"line":15,"column":25},"end":{"line":15,"column":39}},"3":{"start":{"line":16,"column":2},"end":{"line":18,"column":null}},"4":{"start":{"line":17,"column":4},"end":{"line":17,"column":29}},"5":{"start":{"line":19,"column":2},"end":{"line":19,"column":15}}},"fnMap":{"0":{"name":"(anonymous_1)","decl":{"start":{"line":11,"column":24},"end":{"line":11,"column":null}},"loc":{"start":{"line":13,"column":23},"end":{"line":20,"column":1}}}},"branchMap":{"0":{"loc":{"start":{"line":16,"column":2},"end":{"line":18,"column":null}},"type":"if","locations":[{"start":{"line":16,"column":2},"end":{"line":18,"column":null}},{"start":{"line":16,"column":2},"end":{"line":18,"column":null}}]},"1":{"loc":{"start":{"line":16,"column":6},"end":{"line":16,"column":12}},"type":"binary-expr","locations":[{"start":{"line":16,"column":6},"end":{"line":16,"column":12}},{"start":{"line":16,"column":16},"end":{"line":16,"column":28}}]},"2":{"loc":{"start":{"line":17,"column":11},"end":{"line":17,"column":23}},"type":"binary-expr","locations":[{"start":{"line":17,"column":11},"end":{"line":17,"column":23}},{"start":{"line":17,"column":27},"end":{"line":17,"column":28}}]}},"s":{"0":2,"1":2,"2":7,"3":7,"4":5,"5":2},"f":{"0":7},"b":{"0":[5,2],"1":[7,2],"2":[5,3]}}
}
