TN:
SF:src/server/database/dao/properties/sql/PropertyQueries.ts
FN:11,(anonymous_1)
FN:47,(anonymous_2)
FN:59,(anonymous_3)
FNF:3
FNH:3
FNDA:18,(anonymous_1)
FNDA:9,(anonymous_2)
FNDA:9,(anonymous_3)
DA:1,1
DA:2,1
DA:11,1
DA:15,18
DA:17,18
DA:18,2
DA:21,18
DA:22,2
DA:25,18
DA:26,4
DA:29,18
DA:30,4
DA:31,2
DA:34,2
DA:39,18
DA:40,2
DA:44,18
DA:47,1
DA:50,9
DA:59,1
DA:62,9
DA:64,9
DA:66,9
DA:72,9
DA:74,9
DA:78,9
DA:82,9
DA:83,1
DA:86,9
DA:88,0
DA:91,0
LF:31
LH:29
BRDA:15,0,0,0
BRDA:15,0,1,18
BRDA:17,1,0,2
BRDA:17,1,1,16
BRDA:17,2,0,2
BRDA:17,2,1,16
BRDA:17,3,0,18
BRDA:17,3,1,18
BRDA:18,4,0,0
BRDA:18,4,1,2
BRDA:18,5,0,2
BRDA:18,5,1,2
BRDA:21,6,0,2
BRDA:21,6,1,16
BRDA:21,7,0,2
BRDA:21,7,1,16
BRDA:21,8,0,18
BRDA:21,8,1,18
BRDA:22,9,0,0
BRDA:22,9,1,2
BRDA:22,10,0,2
BRDA:22,10,1,2
BRDA:25,11,0,4
BRDA:25,11,1,14
BRDA:25,12,0,2
BRDA:25,12,1,16
BRDA:25,13,0,18
BRDA:25,13,1,18
BRDA:26,14,0,0
BRDA:26,14,1,4
BRDA:26,15,0,4
BRDA:26,15,1,4
BRDA:29,16,0,4
BRDA:29,16,1,14
BRDA:29,17,0,2
BRDA:29,17,1,16
BRDA:29,18,0,18
BRDA:29,18,1,18
BRDA:30,19,0,2
BRDA:30,19,1,2
BRDA:30,20,0,0
BRDA:30,20,1,4
BRDA:30,21,0,4
BRDA:30,21,1,4
BRDA:32,22,0,0
BRDA:32,22,1,2
BRDA:32,23,0,2
BRDA:32,23,1,2
BRDA:35,24,0,0
BRDA:35,24,1,2
BRDA:35,25,0,2
BRDA:35,25,1,2
BRDA:39,26,0,2
BRDA:39,26,1,16
BRDA:39,27,0,2
BRDA:39,27,1,16
BRDA:39,28,0,18
BRDA:39,28,1,18
BRDA:41,29,0,0
BRDA:41,29,1,2
BRDA:41,30,0,2
BRDA:41,30,1,2
BRDA:82,31,0,1
BRDA:82,31,1,8
BRF:64
BRH:56
end_of_record
TN:
SF:src/server/external/index.ts
FNF:0
FNH:0
DA:1,1
LF:1
LH:1
BRF:0
BRH:0
end_of_record
TN:
SF:src/server/external/knex.ts
FNF:0
FNH:0
DA:1,1
DA:3,1
LF:2
LH:2
BRF:0
BRH:0
end_of_record
TN:
SF:src/server/services/property/utils.ts
FN:10,(anonymous_1)
FNF:1
FNH:1
FNDA:4,(anonymous_1)
DA:1,1
DA:8,1
DA:10,1
DA:14,4
DA:15,4
LF:5
LH:5
BRDA:16,0,0,1
BRDA:16,0,1,3
BRDA:16,1,0,4
BRDA:16,1,1,4
BRDA:16,2,0,3
BRDA:16,2,1,1
BRDA:16,3,0,4
BRDA:16,3,1,4
BRF:8
BRH:8
end_of_record
TN:
SF:src/server/utils/index.ts
FNF:0
FNH:0
DA:1,2
LF:1
LH:1
BRF:0
BRH:0
end_of_record
TN:
SF:src/server/utils/number-utils.ts
FN:11,(anonymous_1)
FNF:1
FNH:1
FNDA:7,(anonymous_1)
DA:1,2
DA:11,2
DA:15,7
DA:16,7
DA:17,5
DA:19,2
LF:6
LH:6
BRDA:16,0,0,5
BRDA:16,0,1,2
BRDA:16,1,0,7
BRDA:16,1,1,2
BRDA:17,2,0,5
BRDA:17,2,1,3
BRF:6
BRH:6
end_of_record
